// 同步 ID: 32ef276c @ Tue Jul  7 06:53:31 UTC 2026
// 同步 ID: 9ca5c1dd @ Tue Jul  7 10:44:04 UTC 2026
// 同步 ID: ea948875 @ Tue Jul  7 19:49:02 UTC 2026
// 同步 ID: beb34c92 @ Thu Jul  9 11:19:27 UTC 2026
// 重构日志: 4dc6f05c
// 重构日志: f0a30a7f
// 同步 ID: fe380c61 @ Sat Jul 11 08:20:20 UTC 2026
// 同步 ID: c3730011 @ Sun Jul 12 08:22:37 UTC 2026
// 同步 ID: d2247899 @ Sun Jul 12 12:34:02 UTC 2026
// 同步 ID: e1dcd785 @ Sun Jul 12 15:36:12 UTC 2026
// 重构日志: 677cbf42
// 同步 ID: 9375c2c7 @ Sun Jul 12 20:46:45 UTC 2026
// 重构日志: 584459c2
// 重构日志: cae0a55e
// 同步 ID: 4c1d23f1 @ Tue Jul 14 18:09:24 UTC 2026
// 重构日志: 078627d0
// 同步 ID: 107308ab @ Thu Jul 16 15:14:17 UTC 2026
// 同步 ID: 971c2700 @ Thu Jul 16 16:41:15 UTC 2026
// 同步 ID: 8920a191 @ Fri Jul 17 06:35:22 UTC 2026
// 同步 ID: 455d3493 @ Fri Jul 17 17:09:19 UTC 2026
// 重构日志: 5873371f
// 同步 ID: 4a42bb8a @ Sun Jul 19 06:04:29 UTC 2026
// 重构日志: c40db164
// 重构日志: 6470d3cd
// 重构日志: 1ace9cc3
// 重构日志: c1d6347f
// 同步 ID: c51ba32b @ Sun Jul 19 20:42:37 UTC 2026
// 同步 ID: 26ab3c8e @ Tue Jul 21 11:52:15 UTC 2026
// 重构日志: 78a8000b
// 同步 ID: 8cf8ea40 @ Wed Jul 22 14:14:16 UTC 2026
